2020-04-12 01:22:20.413 DEBUG [main] [com.Stepdefinition.SkillSet] [user_launch_the_given_browser] [com.Stepdefinition.SkillSet.user_launch_the_given_browser(SkillSet.java:25)] - Chrome is launched
2020-04-12 01:22:25.131 INFO [main] [com.Stepdefinition.SkillSet] [the_user_login_to_the_home_page] [com.Stepdefinition.SkillSet.the_user_login_to_the_home_page(SkillSet.java:35)] - Username and password were entered
2020-04-12 01:22:31.901 INFO [main] [com.Stepdefinition.SkillSet] [the_user_will_add_a_new_skill] [com.Stepdefinition.SkillSet.the_user_will_add_a_new_skill(SkillSet.java:43)] - The skill is added
2020-04-12 01:22:34.412 INFO [main] [com.Stepdefinition.SkillSet] [the_user_will_delete_the_skill] [com.Stepdefinition.SkillSet.the_user_will_delete_the_skill(SkillSet.java:51)] - The skill is deleted
2020-04-12 01:33:41.608 DEBUG [main] [com.Stepdefinition.SkillSet] [user_launch_the_given_browser] [com.Stepdefinition.SkillSet.user_launch_the_given_browser(SkillSet.java:25)] - Chrome is launched
2020-04-12 02:04:29.924 DEBUG [main] [com.Stepdefinition.SkillSet] [user_launch_the_given_browser] [com.Stepdefinition.SkillSet.user_launch_the_given_browser(SkillSet.java:25)] - Chrome is launched
2020-04-12 02:11:06.708 DEBUG [main] [com.Stepdefinition.SkillSet] [user_launch_the_given_browser] [com.Stepdefinition.SkillSet.user_launch_the_given_browser(SkillSet.java:25)] - Chrome is launched
2020-04-12 02:14:18.745 DEBUG [main] [com.Stepdefinition.SkillSet] [user_launch_the_given_browser] [com.Stepdefinition.SkillSet.user_launch_the_given_browser(SkillSet.java:25)] - Chrome is launched
2020-04-12 02:21:37.022 DEBUG [main] [com.Stepdefinition.SkillSet] [user_launch_the_given_browser] [com.Stepdefinition.SkillSet.user_launch_the_given_browser(SkillSet.java:25)] - Chrome is launched
2020-04-12 04:20:57.015 DEBUG [main] [com.Stepdefinition.SkillSet] [user_launch_the_given_browser] [com.Stepdefinition.SkillSet.user_launch_the_given_browser(SkillSet.java:25)] - Chrome is launched
2020-04-12 06:46:53.963 DEBUG [main] [com.Stepdefinition.SkillSet] [user_launch_the_given_browser] [com.Stepdefinition.SkillSet.user_launch_the_given_browser(SkillSet.java:25)] - Chrome is launched
2020-04-12 06:49:14.698 DEBUG [main] [com.Stepdefinition.SkillSet] [user_launch_the_given_browser] [com.Stepdefinition.SkillSet.user_launch_the_given_browser(SkillSet.java:25)] - Chrome is launched
2020-04-12 07:09:41.627 DEBUG [main] [com.Stepdefinition.OrangeHRM_Login] [the_user_launch_the_given_application] [com.Stepdefinition.OrangeHRM_Login.the_user_launch_the_given_application(OrangeHRM_Login.java:23)] - Chrome is launched
2020-04-12 07:09:42.045 INFO [main] [com.Stepdefinition.OrangeHRM_Login] [the_user_enters_and] [com.Stepdefinition.OrangeHRM_Login.the_user_enters_and(OrangeHRM_Login.java:30)] - Username and password were entered
2020-04-12 07:09:45.933 INFO [main] [com.Stepdefinition.OrangeHRM_Login] [the_user_clicks_on_the_login_button_and_user_will_nagivated_to_the_next_page] [com.Stepdefinition.OrangeHRM_Login.the_user_clicks_on_the_login_button_and_user_will_nagivated_to_the_next_page(OrangeHRM_Login.java:38)] - User successfully logged in
2020-04-12 07:09:47.874 INFO [main] [com.Stepdefinition.OrangeHRM_Login] [the_user_will_logged_out] [com.Stepdefinition.OrangeHRM_Login.the_user_will_logged_out(OrangeHRM_Login.java:47)] - User successfully logged out
2020-04-12 07:10:25.922 DEBUG [main] [com.Stepdefinition.OrangeHRM_Shift] [the_user_opens_browser_and_opens_OrangeHRM_website] [com.Stepdefinition.OrangeHRM_Shift.the_user_opens_browser_and_opens_OrangeHRM_website(OrangeHRM_Shift.java:24)] - Chrome is launched
2020-04-12 07:10:29.916 INFO [main] [com.Stepdefinition.OrangeHRM_Shift] [the_user_login_to_the_site] [com.Stepdefinition.OrangeHRM_Shift.the_user_login_to_the_site(OrangeHRM_Shift.java:32)] - User successfully logged in
2020-04-12 07:10:32.307 INFO [main] [com.Stepdefinition.OrangeHRM_Shift] [the_user_will_add_a_new_work_shift] [com.Stepdefinition.OrangeHRM_Shift.the_user_will_add_a_new_work_shift(OrangeHRM_Shift.java:39)] - User successfully creates a shift
2020-04-12 07:10:35.347 INFO [main] [com.Stepdefinition.OrangeHRM_Shift] [the_user_will_add_members_into_the_shift_and_user_will_nagivated_to_the_next_page] [com.Stepdefinition.OrangeHRM_Shift.the_user_will_add_members_into_the_shift_and_user_will_nagivated_to_the_next_page(OrangeHRM_Shift.java:47)] - User successfully adds members into the shift
2020-04-12 07:10:37.434 INFO [main] [com.Stepdefinition.OrangeHRM_Shift] [the_user_will_add_members_into_the_shift_and_user_will_nagivated_to_the_next_page] [com.Stepdefinition.OrangeHRM_Shift.the_user_will_add_members_into_the_shift_and_user_will_nagivated_to_the_next_page(OrangeHRM_Shift.java:50)] - User successfully deletes the shift
2020-04-12 07:11:03.816 DEBUG [main] [com.Stepdefinition.Searchemp] [the_user_launches_browser_and_login_to_the_OrangeHRM_website] [com.Stepdefinition.Searchemp.the_user_launches_browser_and_login_to_the_OrangeHRM_website(Searchemp.java:21)] - Chrome is launched
2020-04-12 07:11:07.670 INFO [main] [com.Stepdefinition.Searchemp] [the_user_launches_browser_and_login_to_the_OrangeHRM_website] [com.Stepdefinition.Searchemp.the_user_launches_browser_and_login_to_the_OrangeHRM_website(Searchemp.java:25)] - User successfully logged in
2020-04-12 07:11:10.211 INFO [main] [com.Stepdefinition.Searchemp] [user_enters_Employee_details_to_search] [com.Stepdefinition.Searchemp.user_enters_Employee_details_to_search(Searchemp.java:33)] - User entered details of employee to search
2020-04-12 07:11:13.064 ERROR [main] [com.Stepdefinition.Searchemp] [user_will_open_the_employee_profile_and_change_password] [com.Stepdefinition.Searchemp.user_will_open_the_employee_profile_and_change_password(Searchemp.java:40)] - Eventhough password contains 8 charecters,it showed an error
2020-04-12 07:11:38.830 DEBUG [main] [com.Stepdefinition.PaygradeSteps] [the_user_opens_browser_and_opens_OrangeHRM_site] [com.Stepdefinition.PaygradeSteps.the_user_opens_browser_and_opens_OrangeHRM_site(PaygradeSteps.java:24)] - Chrome is launched
2020-04-12 07:11:42.862 INFO [main] [com.Stepdefinition.PaygradeSteps] [the_user_login_to_the_website] [com.Stepdefinition.PaygradeSteps.the_user_login_to_the_website(PaygradeSteps.java:32)] - User successfully logged in
2020-04-12 07:11:51.544 INFO [main] [com.Stepdefinition.PaygradeSteps] [the_user_will_add_a_new_Paygrade] [com.Stepdefinition.PaygradeSteps.the_user_will_add_a_new_Paygrade(PaygradeSteps.java:40)] - User successfully created a paygrade
2020-04-12 07:11:54.623 INFO [main] [com.Stepdefinition.PaygradeSteps] [the_user_will_delete_the_Paygrade] [com.Stepdefinition.PaygradeSteps.the_user_will_delete_the_Paygrade(PaygradeSteps.java:48)] - User successfully deleted a paygrade
2020-04-12 07:12:31.570 DEBUG [main] [com.Stepdefinition.SkillSet] [user_launch_the_given_browser] [com.Stepdefinition.SkillSet.user_launch_the_given_browser(SkillSet.java:25)] - Chrome is launched
2020-04-12 07:12:35.381 INFO [main] [com.Stepdefinition.SkillSet] [the_user_login_to_the_home_page] [com.Stepdefinition.SkillSet.the_user_login_to_the_home_page(SkillSet.java:34)] - Username and password were entered
2020-04-12 07:12:41.750 INFO [main] [com.Stepdefinition.SkillSet] [the_user_will_add_a_new_skill] [com.Stepdefinition.SkillSet.the_user_will_add_a_new_skill(SkillSet.java:42)] - The skill is added
2020-04-12 07:12:43.395 INFO [main] [com.Stepdefinition.SkillSet] [the_user_will_delete_the_skill] [com.Stepdefinition.SkillSet.the_user_will_delete_the_skill(SkillSet.java:50)] - The skill is deleted
2020-04-12 07:16:30.740 DEBUG [main] [com.Stepdefinition.SkillSet] [user_launch_the_given_browser] [com.Stepdefinition.SkillSet.user_launch_the_given_browser(SkillSet.java:25)] - Chrome is launched
2020-04-12 07:16:34.257 INFO [main] [com.Stepdefinition.SkillSet] [the_user_login_to_the_home_page] [com.Stepdefinition.SkillSet.the_user_login_to_the_home_page(SkillSet.java:34)] - Username and password were entered
2020-04-12 07:16:39.212 INFO [main] [com.Stepdefinition.SkillSet] [the_user_will_add_a_new_skill] [com.Stepdefinition.SkillSet.the_user_will_add_a_new_skill(SkillSet.java:42)] - The skill is added
2020-04-12 07:16:40.935 INFO [main] [com.Stepdefinition.SkillSet] [the_user_will_delete_the_skill] [com.Stepdefinition.SkillSet.the_user_will_delete_the_skill(SkillSet.java:50)] - The skill is deleted
2020-04-12 07:55:12.747 DEBUG [main] [com.Stepdefinition.SkillSet] [user_launch_the_given_browser] [com.Stepdefinition.SkillSet.user_launch_the_given_browser(SkillSet.java:27)] - Chrome is launched
2020-04-12 08:00:47.391 DEBUG [main] [com.Stepdefinition.SkillSet] [user_launch_the_given_browser] [com.Stepdefinition.SkillSet.user_launch_the_given_browser(SkillSet.java:27)] - Chrome is launched
2020-04-12 08:07:53.808 DEBUG [main] [com.Stepdefinition.SkillSet] [user_launch_the_given_browser] [com.Stepdefinition.SkillSet.user_launch_the_given_browser(SkillSet.java:27)] - Chrome is launched
2020-04-12 08:12:39.390 DEBUG [main] [com.Stepdefinition.SkillSet] [user_launch_the_given_browser] [com.Stepdefinition.SkillSet.user_launch_the_given_browser(SkillSet.java:27)] - Chrome is launched
2020-04-12 08:14:08.420 DEBUG [main] [com.Stepdefinition.SkillSet] [user_launch_the_given_browser] [com.Stepdefinition.SkillSet.user_launch_the_given_browser(SkillSet.java:27)] - Chrome is launched
2020-04-12 08:14:12.965 INFO [main] [com.Stepdefinition.SkillSet] [the_user_login_to_the_home_page] [com.Stepdefinition.SkillSet.the_user_login_to_the_home_page(SkillSet.java:35)] - Username and password were entered
2020-04-12 08:14:21.370 INFO [main] [com.Stepdefinition.SkillSet] [the_user_will_add_a_new_skill] [com.Stepdefinition.SkillSet.the_user_will_add_a_new_skill(SkillSet.java:43)] - The skill is added
2020-04-12 08:14:23.177 INFO [main] [com.Stepdefinition.SkillSet] [the_user_will_delete_the_skill] [com.Stepdefinition.SkillSet.the_user_will_delete_the_skill(SkillSet.java:51)] - The skill is deleted
